Analysis & Synthesis report for battleships
Fri May 16 12:56:10 2014
Quartus II 64-Bit Version 13.0.1 Build 232 06/12/2013 Service Pack 1 SJ Web Edition


---------------------
; Table of Contents ;
---------------------
  1. Legal Notice
  2. Analysis & Synthesis Summary
  3. Analysis & Synthesis Settings
  4. Parallel Compilation
  5. Analysis & Synthesis Messages



----------------
; Legal Notice ;
----------------
Copyright (C) 1991-2013 Altera Corporation
Your use of Altera Corporation's design tools, logic functions 
and other software and tools, and its AMPP partner logic 
functions, and any output files from any of the foregoing 
(including device programming or simulation files), and any 
associated documentation or information are expressly subject 
to the terms and conditions of the Altera Program License 
Subscription Agreement, Altera MegaCore Function License 
Agreement, or other applicable license agreement, including, 
without limitation, that your use is for the sole purpose of 
programming logic devices manufactured by Altera and sold by 
Altera or its authorized distributors.  Please refer to the 
applicable agreement for further details.



+--------------------------------------------------------------------------------------+
; Analysis & Synthesis Summary                                                         ;
+------------------------------------+-------------------------------------------------+
; Analysis & Synthesis Status        ; Failed - Fri May 16 12:56:10 2014               ;
; Quartus II 64-Bit Version          ; 13.0.1 Build 232 06/12/2013 SP 1 SJ Web Edition ;
; Revision Name                      ; battleships                                     ;
; Top-level Entity Name              ; battleships                                     ;
; Family                             ; Cyclone II                                      ;
; Total logic elements               ; N/A until Partition Merge                       ;
;     Total combinational functions  ; N/A until Partition Merge                       ;
;     Dedicated logic registers      ; N/A until Partition Merge                       ;
; Total registers                    ; N/A until Partition Merge                       ;
; Total pins                         ; N/A until Partition Merge                       ;
; Total virtual pins                 ; N/A until Partition Merge                       ;
; Total memory bits                  ; N/A until Partition Merge                       ;
; Embedded Multiplier 9-bit elements ; N/A until Partition Merge                       ;
; Total PLLs                         ; N/A until Partition Merge                       ;
+------------------------------------+-------------------------------------------------+


+----------------------------------------------------------------------------------------------------------------------+
; Analysis & Synthesis Settings                                                                                        ;
+----------------------------------------------------------------------------+--------------------+--------------------+
; Option                                                                     ; Setting            ; Default Value      ;
+----------------------------------------------------------------------------+--------------------+--------------------+
; Device                                                                     ; EP2C35F672C6       ;                    ;
; Top-level entity name                                                      ; battleships        ; battleships        ;
; Family name                                                                ; Cyclone II         ; Cyclone IV GX      ;
; Use smart compilation                                                      ; Off                ; Off                ;
; Enable parallel Assembler and TimeQuest Timing Analyzer during compilation ; On                 ; On                 ;
; Enable compact report table                                                ; Off                ; Off                ;
; Restructure Multiplexers                                                   ; Auto               ; Auto               ;
; Create Debugging Nodes for IP Cores                                        ; Off                ; Off                ;
; Preserve fewer node names                                                  ; On                 ; On                 ;
; Disable OpenCore Plus hardware evaluation                                  ; Off                ; Off                ;
; Verilog Version                                                            ; Verilog_2001       ; Verilog_2001       ;
; VHDL Version                                                               ; VHDL_1993          ; VHDL_1993          ;
; State Machine Processing                                                   ; Auto               ; Auto               ;
; Safe State Machine                                                         ; Off                ; Off                ;
; Extract Verilog State Machines                                             ; On                 ; On                 ;
; Extract VHDL State Machines                                                ; On                 ; On                 ;
; Ignore Verilog initial constructs                                          ; Off                ; Off                ;
; Iteration limit for constant Verilog loops                                 ; 5000               ; 5000               ;
; Iteration limit for non-constant Verilog loops                             ; 250                ; 250                ;
; Add Pass-Through Logic to Inferred RAMs                                    ; On                 ; On                 ;
; Infer RAMs from Raw Logic                                                  ; On                 ; On                 ;
; Parallel Synthesis                                                         ; On                 ; On                 ;
; DSP Block Balancing                                                        ; Auto               ; Auto               ;
; NOT Gate Push-Back                                                         ; On                 ; On                 ;
; Power-Up Don't Care                                                        ; On                 ; On                 ;
; Remove Redundant Logic Cells                                               ; Off                ; Off                ;
; Remove Duplicate Registers                                                 ; On                 ; On                 ;
; Ignore CARRY Buffers                                                       ; Off                ; Off                ;
; Ignore CASCADE Buffers                                                     ; Off                ; Off                ;
; Ignore GLOBAL Buffers                                                      ; Off                ; Off                ;
; Ignore ROW GLOBAL Buffers                                                  ; Off                ; Off                ;
; Ignore LCELL Buffers                                                       ; Off                ; Off                ;
; Ignore SOFT Buffers                                                        ; On                 ; On                 ;
; Limit AHDL Integers to 32 Bits                                             ; Off                ; Off                ;
; Optimization Technique                                                     ; Balanced           ; Balanced           ;
; Carry Chain Length                                                         ; 70                 ; 70                 ;
; Auto Carry Chains                                                          ; On                 ; On                 ;
; Auto Open-Drain Pins                                                       ; On                 ; On                 ;
; Perform WYSIWYG Primitive Resynthesis                                      ; Off                ; Off                ;
; Auto ROM Replacement                                                       ; On                 ; On                 ;
; Auto RAM Replacement                                                       ; On                 ; On                 ;
; Auto Shift Register Replacement                                            ; Auto               ; Auto               ;
; Allow Shift Register Merging across Hierarchies                            ; Auto               ; Auto               ;
; Auto Clock Enable Replacement                                              ; On                 ; On                 ;
; Strict RAM Replacement                                                     ; Off                ; Off                ;
; Allow Synchronous Control Signals                                          ; On                 ; On                 ;
; Force Use of Synchronous Clear Signals                                     ; Off                ; Off                ;
; Auto RAM to Logic Cell Conversion                                          ; Off                ; Off                ;
; Auto Resource Sharing                                                      ; Off                ; Off                ;
; Allow Any RAM Size For Recognition                                         ; Off                ; Off                ;
; Allow Any ROM Size For Recognition                                         ; Off                ; Off                ;
; Allow Any Shift Register Size For Recognition                              ; Off                ; Off                ;
; Use LogicLock Constraints during Resource Balancing                        ; On                 ; On                 ;
; Ignore translate_off and synthesis_off directives                          ; Off                ; Off                ;
; Timing-Driven Synthesis                                                    ; Off                ; Off                ;
; Report Parameter Settings                                                  ; On                 ; On                 ;
; Report Source Assignments                                                  ; On                 ; On                 ;
; Report Connectivity Checks                                                 ; On                 ; On                 ;
; Ignore Maximum Fan-Out Assignments                                         ; Off                ; Off                ;
; Synchronization Register Chain Length                                      ; 2                  ; 2                  ;
; PowerPlay Power Optimization                                               ; Normal compilation ; Normal compilation ;
; HDL message level                                                          ; Level2             ; Level2             ;
; Suppress Register Optimization Related Messages                            ; Off                ; Off                ;
; Number of Removed Registers Reported in Synthesis Report                   ; 5000               ; 5000               ;
; Number of Swept Nodes Reported in Synthesis Report                         ; 5000               ; 5000               ;
; Number of Inverted Registers Reported in Synthesis Report                  ; 100                ; 100                ;
; Clock MUX Protection                                                       ; On                 ; On                 ;
; Auto Gated Clock Conversion                                                ; Off                ; Off                ;
; Block Design Naming                                                        ; Auto               ; Auto               ;
; SDC constraint protection                                                  ; Off                ; Off                ;
; Synthesis Effort                                                           ; Auto               ; Auto               ;
; Shift Register Replacement - Allow Asynchronous Clear Signal               ; On                 ; On                 ;
; Pre-Mapping Resynthesis Optimization                                       ; Off                ; Off                ;
; Analysis & Synthesis Message Level                                         ; Medium             ; Medium             ;
; Disable Register Merging Across Hierarchies                                ; Auto               ; Auto               ;
; Resource Aware Inference For Block RAM                                     ; On                 ; On                 ;
; Synthesis Seed                                                             ; 1                  ; 1                  ;
+----------------------------------------------------------------------------+--------------------+--------------------+


Parallel compilation was disabled, but you have multiple processors available. Enable parallel compilation to reduce compilation time.
+-------------------------------------+
; Parallel Compilation                ;
+----------------------------+--------+
; Processors                 ; Number ;
+----------------------------+--------+
; Number detected on machine ; 4      ;
; Maximum allowed            ; 1      ;
+----------------------------+--------+


+-------------------------------+
; Analysis & Synthesis Messages ;
+-------------------------------+
Info: *******************************************************************
Info: Running Quartus II 64-Bit Analysis & Synthesis
    Info: Version 13.0.1 Build 232 06/12/2013 Service Pack 1 SJ Web Edition
    Info: Processing started: Fri May 16 12:56:08 2014
Info: Command: quartus_map --read_settings_files=on --write_settings_files=off battleships -c battleships
Warning (20028): Parallel compilation is not licensed and has been disabled
Error (10170): Verilog HDL syntax error at DE2_Audio_Example.v(1) near text "WORK";  expecting "<" File: C:/Users/mantzouj/Documents/Jason/Jason School/Spring 2014/EECS 392/Battleships/files/DE2_Audio_Example.v Line: 1
Info (12021): Found 0 design units, including 0 entities, in source file files/de2_audio_example.v
Info (12021): Found 1 design units, including 1 entities, in source file files/avconf/i2c_controller.v
    Info (12023): Found entity 1: I2C_Controller
Info (12021): Found 1 design units, including 1 entities, in source file files/avconf/avconf.v
    Info (12023): Found entity 1: avconf
Info (12021): Found 1 design units, including 1 entities, in source file files/audio_controller/audio_controller.v
    Info (12023): Found entity 1: Audio_Controller
Info (12021): Found 1 design units, including 1 entities, in source file files/audio_controller/audio_clock.v
    Info (12023): Found entity 1: Audio_Clock
Info (12021): Found 1 design units, including 1 entities, in source file files/audio_controller/altera_up_sync_fifo.v
    Info (12023): Found entity 1: Altera_UP_SYNC_FIFO
Info (12021): Found 1 design units, including 1 entities, in source file files/audio_controller/altera_up_clock_edge.v
    Info (12023): Found entity 1: Altera_UP_Clock_Edge
Info (12021): Found 1 design units, including 1 entities, in source file files/audio_controller/altera_up_audio_out_serializer.v
    Info (12023): Found entity 1: Altera_UP_Audio_Out_Serializer
Info (12021): Found 1 design units, including 1 entities, in source file files/audio_controller/altera_up_audio_in_deserializer.v
    Info (12023): Found entity 1: Altera_UP_Audio_In_Deserializer
Info (12021): Found 1 design units, including 1 entities, in source file files/audio_controller/altera_up_audio_bit_counter.v
    Info (12023): Found entity 1: Altera_UP_Audio_Bit_Counter
Info (12021): Found 2 design units, including 1 entities, in source file files/vga_top_level.vhd
    Info (12022): Found design unit 1: VGA_top_level-structural
    Info (12023): Found entity 1: VGA_top_level
Info (12021): Found 2 design units, including 1 entities, in source file files/vga_sync.vhd
    Info (12022): Found design unit 1: VGA_SYNC-behavioral
    Info (12023): Found entity 1: VGA_SYNC
Info (12021): Found 2 design units, including 1 entities, in source file files/ps2.vhd
    Info (12022): Found design unit 1: ps2-structural
    Info (12023): Found entity 1: ps2
Info (12021): Found 2 design units, including 1 entities, in source file files/pixelgenerator.vhd
    Info (12022): Found design unit 1: pixelGenerator-behavioral
    Info (12023): Found entity 1: pixelGenerator
Info (12021): Found 2 design units, including 1 entities, in source file files/oneshot.vhd
    Info (12022): Found design unit 1: oneshot-dd
    Info (12023): Found entity 1: oneshot
Info (12021): Found 2 design units, including 1 entities, in source file files/leddcd.vhd
    Info (12022): Found design unit 1: leddcd-data_flow
    Info (12023): Found entity 1: leddcd
Info (12021): Found 2 design units, including 1 entities, in source file files/keyboard.vhd
    Info (12022): Found design unit 1: keyboard-a
    Info (12023): Found entity 1: keyboard
Info (12021): Found 2 design units, including 1 entities, in source file files/de2lcd.vhd
    Info (12022): Found design unit 1: de2lcd-a
    Info (12023): Found entity 1: de2lcd
Info (12021): Found 2 design units, including 1 entities, in source file files/colorrom.vhd
    Info (12022): Found design unit 1: colorrom-SYN
    Info (12023): Found entity 1: colorROM
Info (12021): Found 2 design units, including 0 entities, in source file files/battleships_const.vhd
    Info (12022): Found design unit 1: battleships_const
    Info (12022): Found design unit 2: battleships_const-body
Info (12021): Found 2 design units, including 1 entities, in source file files/battleships.vhd
    Info (12022): Found design unit 1: battleships-behavioral
    Info (12023): Found entity 1: battleships
Error: Quartus II 64-Bit Analysis & Synthesis was unsuccessful. 1 error, 1 warning
    Error: Peak virtual memory: 475 megabytes
    Error: Processing ended: Fri May 16 12:56:10 2014
    Error: Elapsed time: 00:00:02
    Error: Total CPU time (on all processors): 00:00:01


